<?xml version="1.0" encoding="UTF-8"?>
<robot generator="Robot 5.0.1 (Python 3.11.3 on win32)" generated="20231006 15:55:14.025" rpa="false" schemaversion="3">
<suite id="s1" name="Selenium-Robot-Framework" source="D:\Automation\Selenium\selenium-robot-framework">
<suite id="s1-s1" name="Tests" source="D:\Automation\Selenium\selenium-robot-framework\tests">
<suite id="s1-s1-s1" name="Somethinc" source="D:\Automation\Selenium\selenium-robot-framework\tests\Somethinc">
<suite id="s1-s1-s1-s1" name="Homepage" source="D:\Automation\Selenium\selenium-robot-framework\tests\Somethinc\homepage.robot">
<test id="s1-s1-s1-s1-t1" name="Cari Bodycare" line="11">
<kw name="Cari Produk" library="homepage">
<arg>Bodycare</arg>
<arg>BODY CREAM</arg>
<arg>Bakuchiol R-Cover Firming Body Crème</arg>
<kw name="Buka Web Somethinc" library="homepage">
<kw name="Open Browser" library="SeleniumLibrary">
<arg>browser=${Chrome}</arg>
<arg>url=${Homepage Somethinc}</arg>
<doc>Opens a new browser instance to the optional ``url``.</doc>
<msg timestamp="20231006 15:55:14.203" level="INFO">Opening browser 'Chrome' to base url 'https://somethinc.com/en'.</msg>
<status status="PASS" starttime="20231006 15:55:14.203" endtime="20231006 15:55:16.572"/>
</kw>
<kw name="Maximize Browser Window" library="SeleniumLibrary">
<doc>Maximizes current browser window.</doc>
<status status="PASS" starttime="20231006 15:55:16.573" endtime="20231006 15:55:16.689"/>
</kw>
<kw name="Title Should Be" library="SeleniumLibrary">
<arg>title=${Tittle Homepage}</arg>
<doc>Verifies that the current page title equals ``title``.</doc>
<msg timestamp="20231006 15:55:16.696" level="INFO">Page title is 'SOMETHINC Official Website | Makeup &amp; Skincare Products'.</msg>
<status status="PASS" starttime="20231006 15:55:16.689" endtime="20231006 15:55:16.696"/>
</kw>
<kw name="Wait Until Element Is Visible" library="SeleniumLibrary">
<arg>${Pup UP SUBSCRIBE NOW}</arg>
<arg>20s</arg>
<doc>Waits until the element ``locator`` is visible.</doc>
<status status="PASS" starttime="20231006 15:55:16.696" endtime="20231006 15:55:21.474"/>
</kw>
<kw name="Run Keyword And Return Status" library="BuiltIn">
<var>${POPUP SUBSCRIBE}</var>
<arg>Wait Until Element Is Visible</arg>
<arg>${Pup UP SUBSCRIBE NOW}</arg>
<doc>Runs the given keyword with given arguments and returns the status as a Boolean value.</doc>
<kw name="Wait Until Element Is Visible" library="SeleniumLibrary">
<arg>${Pup UP SUBSCRIBE NOW}</arg>
<doc>Waits until the element ``locator`` is visible.</doc>
<status status="PASS" starttime="20231006 15:55:21.475" endtime="20231006 15:55:21.490"/>
</kw>
<msg timestamp="20231006 15:55:21.490" level="INFO">${POPUP SUBSCRIBE} = True</msg>
<status status="PASS" starttime="20231006 15:55:21.474" endtime="20231006 15:55:21.490"/>
</kw>
<if>
<branch type="IF" condition="'${POPUP SUBSCRIBE}' == 'True'">
<kw name="Click Element" library="SeleniumLibrary">
<arg>${Button Close Popup SUBSCRIBE NOW}</arg>
<doc>Click the element identified by ``locator``.</doc>
<msg timestamp="20231006 15:55:21.490" level="INFO">Clicking element 'id:wrap-close-button-1454703513202'.</msg>
<status status="PASS" starttime="20231006 15:55:21.490" endtime="20231006 15:55:21.542"/>
</kw>
<status status="PASS" starttime="20231006 15:55:21.490" endtime="20231006 15:55:21.542"/>
</branch>
<status status="PASS" starttime="20231006 15:55:21.490" endtime="20231006 15:55:21.542"/>
</if>
<status status="PASS" starttime="20231006 15:55:14.202" endtime="20231006 15:55:21.543"/>
</kw>
<kw name="Posisi Mouse di Katogori" library="homepage">
<arg>${nama kategory}</arg>
<kw name="Set Suite Variable" library="BuiltIn">
<arg>${Kategory}</arg>
<arg>link:${nama kategory}</arg>
<doc>Makes a variable available everywhere within the scope of the current suite.</doc>
<msg timestamp="20231006 15:55:21.543" level="INFO">${Kategory} = link:Bodycare</msg>
<status status="PASS" starttime="20231006 15:55:21.543" endtime="20231006 15:55:21.544"/>
</kw>
<kw name="Wait Until Element Is Visible" library="SeleniumLibrary">
<arg>locator=${Kategory}</arg>
<arg>timeout=30s</arg>
<doc>Waits until the element ``locator`` is visible.</doc>
<status status="PASS" starttime="20231006 15:55:21.544" endtime="20231006 15:55:21.588"/>
</kw>
<kw name="Mouse Over" library="SeleniumLibrary">
<arg>locator=${Kategory}</arg>
<doc>Simulates hovering the mouse over the element ``locator``.</doc>
<msg timestamp="20231006 15:55:21.588" level="INFO">Simulating Mouse Over on element 'link:Bodycare'.</msg>
<status status="PASS" starttime="20231006 15:55:21.588" endtime="20231006 15:55:21.902"/>
</kw>
<kw name="Sleep" library="BuiltIn">
<arg>time_=10s</arg>
<doc>Pauses the test executed for the given time.</doc>
<msg timestamp="20231006 15:55:31.903" level="INFO">Slept 10 seconds</msg>
<status status="PASS" starttime="20231006 15:55:21.902" endtime="20231006 15:55:31.903"/>
</kw>
<status status="PASS" starttime="20231006 15:55:21.543" endtime="20231006 15:55:31.903"/>
</kw>
<kw name="Klik Subkategory" library="homepage">
<arg>${nama sub kategory}</arg>
<kw name="Set Variable" library="BuiltIn">
<var>${Subkategory}</var>
<arg>link:${nama sub kategory}</arg>
<doc>Returns the given values which can then be assigned to a variables.</doc>
<msg timestamp="20231006 15:55:31.903" level="INFO">${Subkategory} = link:BODY CREAM</msg>
<status status="PASS" starttime="20231006 15:55:31.903" endtime="20231006 15:55:31.903"/>
</kw>
<kw name="Run Keyword And Return Status" library="BuiltIn">
<var>${Cek Available Subkategory}</var>
<arg>Wait Until Element Is Visible</arg>
<arg>${Subkategory}</arg>
<doc>Runs the given keyword with given arguments and returns the status as a Boolean value.</doc>
<kw name="Wait Until Element Is Visible" library="SeleniumLibrary">
<arg>${Subkategory}</arg>
<doc>Waits until the element ``locator`` is visible.</doc>
<status status="PASS" starttime="20231006 15:55:31.903" endtime="20231006 15:55:31.961"/>
</kw>
<msg timestamp="20231006 15:55:31.961" level="INFO">${Cek Available Subkategory} = True</msg>
<status status="PASS" starttime="20231006 15:55:31.903" endtime="20231006 15:55:31.961"/>
</kw>
<if>
<branch type="IF" condition="'${Cek Available Subkategory}' == 'True'">
<kw name="Click Element" library="SeleniumLibrary">
<arg>${Subkategory}</arg>
<doc>Click the element identified by ``locator``.</doc>
<msg timestamp="20231006 15:55:31.961" level="INFO">Clicking element 'link:BODY CREAM'.</msg>
<status status="PASS" starttime="20231006 15:55:31.961" endtime="20231006 15:55:32.944"/>
</kw>
<kw name="Element Should Be Visible" library="SeleniumLibrary">
<arg>locator=${Halaman Eyeshadow}</arg>
<doc>Verifies that the element identified by ``locator`` is visible.</doc>
<msg timestamp="20231006 15:55:32.959" level="INFO">Element 'xpath:/html/body/div[2]/div[3]/div/div/div[2]/div[1]/div[1]/h1' is displayed.</msg>
<status status="PASS" starttime="20231006 15:55:32.944" endtime="20231006 15:55:32.960"/>
</kw>
<status status="PASS" starttime="20231006 15:55:31.961" endtime="20231006 15:55:32.960"/>
</branch>
<branch type="ELSE">
<kw name="Click Element" library="SeleniumLibrary">
<arg>${Kategory}</arg>
<doc>Click the element identified by ``locator``.</doc>
<status status="NOT RUN" starttime="20231006 15:55:32.960" endtime="20231006 15:55:32.960"/>
</kw>
<status status="NOT RUN" starttime="20231006 15:55:32.960" endtime="20231006 15:55:32.960"/>
</branch>
<status status="PASS" starttime="20231006 15:55:31.961" endtime="20231006 15:55:32.960"/>
</if>
<status status="PASS" starttime="20231006 15:55:31.903" endtime="20231006 15:55:32.960"/>
</kw>
<kw name="Klik SURREAL Star Loose Pigment" library="homepage">
<arg>${nama product}</arg>
<kw name="Set Variable" library="BuiltIn">
<var>${Klik Produk}</var>
<arg>xpath://img[@title='${nama product}']</arg>
<doc>Returns the given values which can then be assigned to a variables.</doc>
<msg timestamp="20231006 15:55:32.960" level="INFO">${Klik Produk} = xpath://img[@title='Bakuchiol R-Cover Firming Body Crème']</msg>
<status status="PASS" starttime="20231006 15:55:32.960" endtime="20231006 15:55:32.960"/>
</kw>
<kw name="Click Element" library="SeleniumLibrary">
<arg>${Klik Produk}</arg>
<doc>Click the element identified by ``locator``.</doc>
<msg timestamp="20231006 15:55:32.960" level="INFO">Clicking element 'xpath://img[@title='Bakuchiol R-Cover Firming Body Crème']'.</msg>
<status status="PASS" starttime="20231006 15:55:32.960" endtime="20231006 15:55:34.280"/>
</kw>
<kw name="Element Should Be Visible" library="SeleniumLibrary">
<arg>${Halaman SURREAL Star Loose Pigment}</arg>
<doc>Verifies that the element identified by ``locator`` is visible.</doc>
<msg timestamp="20231006 15:55:34.288" level="INFO">Element 'xpath:/html/body/div[2]/div[1]/div[1]/div[2]/div/div[3]/div/h1' is displayed.</msg>
<status status="PASS" starttime="20231006 15:55:34.281" endtime="20231006 15:55:34.288"/>
</kw>
<status status="PASS" starttime="20231006 15:55:32.960" endtime="20231006 15:55:34.299"/>
</kw>
<status status="PASS" starttime="20231006 15:55:14.202" endtime="20231006 15:55:34.299"/>
</kw>
<kw name="Close Browser" library="SeleniumLibrary" type="TEARDOWN">
<doc>Closes the current browser.</doc>
<status status="PASS" starttime="20231006 15:55:34.300" endtime="20231006 15:55:36.421"/>
</kw>
<status status="PASS" starttime="20231006 15:55:14.201" endtime="20231006 15:55:36.421"/>
</test>
<test id="s1-s1-s1-s1-t2" name="Carii Haircare" line="12">
<kw name="Cari Produk" library="homepage">
<arg>Haircare</arg>
<arg>Null</arg>
<arg>No Wonder 8 Seconds Hair Treatment Water</arg>
<kw name="Buka Web Somethinc" library="homepage">
<kw name="Open Browser" library="SeleniumLibrary">
<arg>browser=${Chrome}</arg>
<arg>url=${Homepage Somethinc}</arg>
<doc>Opens a new browser instance to the optional ``url``.</doc>
<msg timestamp="20231006 15:55:36.423" level="INFO">Opening browser 'Chrome' to base url 'https://somethinc.com/en'.</msg>
<status status="PASS" starttime="20231006 15:55:36.423" endtime="20231006 15:55:38.567"/>
</kw>
<kw name="Maximize Browser Window" library="SeleniumLibrary">
<doc>Maximizes current browser window.</doc>
<status status="PASS" starttime="20231006 15:55:38.568" endtime="20231006 15:55:38.681"/>
</kw>
<kw name="Title Should Be" library="SeleniumLibrary">
<arg>title=${Tittle Homepage}</arg>
<doc>Verifies that the current page title equals ``title``.</doc>
<msg timestamp="20231006 15:55:38.693" level="INFO">Page title is 'SOMETHINC Official Website | Makeup &amp; Skincare Products'.</msg>
<status status="PASS" starttime="20231006 15:55:38.681" endtime="20231006 15:55:38.693"/>
</kw>
<kw name="Wait Until Element Is Visible" library="SeleniumLibrary">
<arg>${Pup UP SUBSCRIBE NOW}</arg>
<arg>20s</arg>
<doc>Waits until the element ``locator`` is visible.</doc>
<status status="PASS" starttime="20231006 15:55:38.693" endtime="20231006 15:55:43.700"/>
</kw>
<kw name="Run Keyword And Return Status" library="BuiltIn">
<var>${POPUP SUBSCRIBE}</var>
<arg>Wait Until Element Is Visible</arg>
<arg>${Pup UP SUBSCRIBE NOW}</arg>
<doc>Runs the given keyword with given arguments and returns the status as a Boolean value.</doc>
<kw name="Wait Until Element Is Visible" library="SeleniumLibrary">
<arg>${Pup UP SUBSCRIBE NOW}</arg>
<doc>Waits until the element ``locator`` is visible.</doc>
<status status="PASS" starttime="20231006 15:55:43.702" endtime="20231006 15:55:43.711"/>
</kw>
<msg timestamp="20231006 15:55:43.711" level="INFO">${POPUP SUBSCRIBE} = True</msg>
<status status="PASS" starttime="20231006 15:55:43.702" endtime="20231006 15:55:43.711"/>
</kw>
<if>
<branch type="IF" condition="'${POPUP SUBSCRIBE}' == 'True'">
<kw name="Click Element" library="SeleniumLibrary">
<arg>${Button Close Popup SUBSCRIBE NOW}</arg>
<doc>Click the element identified by ``locator``.</doc>
<msg timestamp="20231006 15:55:43.715" level="INFO">Clicking element 'id:wrap-close-button-1454703513202'.</msg>
<status status="PASS" starttime="20231006 15:55:43.715" endtime="20231006 15:55:43.758"/>
</kw>
<status status="PASS" starttime="20231006 15:55:43.715" endtime="20231006 15:55:43.758"/>
</branch>
<status status="PASS" starttime="20231006 15:55:43.715" endtime="20231006 15:55:43.758"/>
</if>
<status status="PASS" starttime="20231006 15:55:36.423" endtime="20231006 15:55:43.758"/>
</kw>
<kw name="Posisi Mouse di Katogori" library="homepage">
<arg>${nama kategory}</arg>
<kw name="Set Suite Variable" library="BuiltIn">
<arg>${Kategory}</arg>
<arg>link:${nama kategory}</arg>
<doc>Makes a variable available everywhere within the scope of the current suite.</doc>
<msg timestamp="20231006 15:55:43.759" level="INFO">${Kategory} = link:Haircare</msg>
<status status="PASS" starttime="20231006 15:55:43.759" endtime="20231006 15:55:43.760"/>
</kw>
<kw name="Wait Until Element Is Visible" library="SeleniumLibrary">
<arg>locator=${Kategory}</arg>
<arg>timeout=30s</arg>
<doc>Waits until the element ``locator`` is visible.</doc>
<status status="PASS" starttime="20231006 15:55:43.760" endtime="20231006 15:55:43.810"/>
</kw>
<kw name="Mouse Over" library="SeleniumLibrary">
<arg>locator=${Kategory}</arg>
<doc>Simulates hovering the mouse over the element ``locator``.</doc>
<msg timestamp="20231006 15:55:43.812" level="INFO">Simulating Mouse Over on element 'link:Haircare'.</msg>
<status status="PASS" starttime="20231006 15:55:43.810" endtime="20231006 15:55:44.118"/>
</kw>
<kw name="Sleep" library="BuiltIn">
<arg>time_=10s</arg>
<doc>Pauses the test executed for the given time.</doc>
<msg timestamp="20231006 15:55:54.120" level="INFO">Slept 10 seconds</msg>
<status status="PASS" starttime="20231006 15:55:44.119" endtime="20231006 15:55:54.120"/>
</kw>
<status status="PASS" starttime="20231006 15:55:43.759" endtime="20231006 15:55:54.120"/>
</kw>
<kw name="Klik Subkategory" library="homepage">
<arg>${nama sub kategory}</arg>
<kw name="Set Variable" library="BuiltIn">
<var>${Subkategory}</var>
<arg>link:${nama sub kategory}</arg>
<doc>Returns the given values which can then be assigned to a variables.</doc>
<msg timestamp="20231006 15:55:54.120" level="INFO">${Subkategory} = link:Null</msg>
<status status="PASS" starttime="20231006 15:55:54.120" endtime="20231006 15:55:54.120"/>
</kw>
<kw name="Run Keyword And Return Status" library="BuiltIn">
<var>${Cek Available Subkategory}</var>
<arg>Wait Until Element Is Visible</arg>
<arg>${Subkategory}</arg>
<doc>Runs the given keyword with given arguments and returns the status as a Boolean value.</doc>
<kw name="Wait Until Element Is Visible" library="SeleniumLibrary">
<arg>${Subkategory}</arg>
<doc>Waits until the element ``locator`` is visible.</doc>
<msg timestamp="20231006 15:55:59.600" level="INFO" html="true">&lt;/td&gt;&lt;/tr&gt;&lt;tr&gt;&lt;td colspan="3"&gt;&lt;a href="selenium-screenshot-14.png"&gt;&lt;img src="selenium-screenshot-14.png" width="800px"&gt;&lt;/a&gt;</msg>
<msg timestamp="20231006 15:55:59.600" level="FAIL">Element 'link:Null' not visible after 5 seconds.</msg>
<status status="FAIL" starttime="20231006 15:55:54.120" endtime="20231006 15:55:59.600"/>
</kw>
<msg timestamp="20231006 15:55:59.600" level="INFO">${Cek Available Subkategory} = False</msg>
<status status="PASS" starttime="20231006 15:55:54.120" endtime="20231006 15:55:59.600"/>
</kw>
<if>
<branch type="IF" condition="'${Cek Available Subkategory}' == 'True'">
<kw name="Click Element" library="SeleniumLibrary">
<arg>${Subkategory}</arg>
<doc>Click the element identified by ``locator``.</doc>
<status status="NOT RUN" starttime="20231006 15:55:59.607" endtime="20231006 15:55:59.607"/>
</kw>
<kw name="Element Should Be Visible" library="SeleniumLibrary">
<arg>locator=${Halaman Eyeshadow}</arg>
<doc>Verifies that the element identified by ``locator`` is visible.</doc>
<status status="NOT RUN" starttime="20231006 15:55:59.607" endtime="20231006 15:55:59.608"/>
</kw>
<status status="NOT RUN" starttime="20231006 15:55:59.607" endtime="20231006 15:55:59.608"/>
</branch>
<branch type="ELSE">
<kw name="Click Element" library="SeleniumLibrary">
<arg>${Kategory}</arg>
<doc>Click the element identified by ``locator``.</doc>
<msg timestamp="20231006 15:55:59.608" level="INFO">Clicking element 'link:Haircare'.</msg>
<status status="PASS" starttime="20231006 15:55:59.608" endtime="20231006 15:56:00.355"/>
</kw>
<status status="PASS" starttime="20231006 15:55:59.608" endtime="20231006 15:56:00.355"/>
</branch>
<status status="PASS" starttime="20231006 15:55:59.607" endtime="20231006 15:56:00.355"/>
</if>
<status status="PASS" starttime="20231006 15:55:54.120" endtime="20231006 15:56:00.355"/>
</kw>
<kw name="Klik SURREAL Star Loose Pigment" library="homepage">
<arg>${nama product}</arg>
<kw name="Set Variable" library="BuiltIn">
<var>${Klik Produk}</var>
<arg>xpath://img[@title='${nama product}']</arg>
<doc>Returns the given values which can then be assigned to a variables.</doc>
<msg timestamp="20231006 15:56:00.356" level="INFO">${Klik Produk} = xpath://img[@title='No Wonder 8 Seconds Hair Treatment Water']</msg>
<status status="PASS" starttime="20231006 15:56:00.356" endtime="20231006 15:56:00.356"/>
</kw>
<kw name="Click Element" library="SeleniumLibrary">
<arg>${Klik Produk}</arg>
<doc>Click the element identified by ``locator``.</doc>
<msg timestamp="20231006 15:56:00.356" level="INFO">Clicking element 'xpath://img[@title='No Wonder 8 Seconds Hair Treatment Water']'.</msg>
<status status="PASS" starttime="20231006 15:56:00.356" endtime="20231006 15:56:01.291"/>
</kw>
<kw name="Element Should Be Visible" library="SeleniumLibrary">
<arg>${Halaman SURREAL Star Loose Pigment}</arg>
<doc>Verifies that the element identified by ``locator`` is visible.</doc>
<msg timestamp="20231006 15:56:01.310" level="INFO">Element 'xpath:/html/body/div[2]/div[1]/div[1]/div[2]/div/div[3]/div/h1' is displayed.</msg>
<status status="PASS" starttime="20231006 15:56:01.291" endtime="20231006 15:56:01.312"/>
</kw>
<status status="PASS" starttime="20231006 15:56:00.356" endtime="20231006 15:56:01.312"/>
</kw>
<status status="PASS" starttime="20231006 15:55:36.423" endtime="20231006 15:56:01.312"/>
</kw>
<kw name="Close Browser" library="SeleniumLibrary" type="TEARDOWN">
<doc>Closes the current browser.</doc>
<status status="PASS" starttime="20231006 15:56:01.313" endtime="20231006 15:56:03.436"/>
</kw>
<status status="PASS" starttime="20231006 15:55:36.423" endtime="20231006 15:56:03.436"/>
</test>
<status status="PASS" starttime="20231006 15:55:14.057" endtime="20231006 15:56:03.438"/>
</suite>
<status status="PASS" starttime="20231006 15:55:14.057" endtime="20231006 15:56:03.438"/>
</suite>
<status status="PASS" starttime="20231006 15:55:14.053" endtime="20231006 15:56:03.443"/>
</suite>
<status status="PASS" starttime="20231006 15:55:14.029" endtime="20231006 15:56:03.443"/>
</suite>
<statistics>
<total>
<stat pass="2" fail="0" skip="0">All Tests</stat>
</total>
<tag>
</tag>
<suite>
<stat pass="2" fail="0" skip="0" id="s1" name="Selenium-Robot-Framework">Selenium-Robot-Framework</stat>
<stat pass="2" fail="0" skip="0" id="s1-s1" name="Tests">Selenium-Robot-Framework.Tests</stat>
<stat pass="2" fail="0" skip="0" id="s1-s1-s1" name="Somethinc">Selenium-Robot-Framework.Tests.Somethinc</stat>
<stat pass="2" fail="0" skip="0" id="s1-s1-s1-s1" name="Homepage">Selenium-Robot-Framework.Tests.Somethinc.Homepage</stat>
</suite>
</statistics>
<errors>
</errors>
</robot>
